<?xml version="1.0" encoding="UTF-8"?>
<testng-results ignored="0" total="1" passed="1" failed="0" skipped="0">
  <reporter-output>
  </reporter-output>
  <suite started-at="2019-09-19T10:22:54Z" name="Default suite" finished-at="2019-09-19T10:22:58Z" duration-ms="3865">
    <groups>
    </groups>
    <test started-at="2019-09-19T10:22:54Z" name="Default test" finished-at="2019-09-19T10:22:58Z" duration-ms="3865">
      <class name="way2Autiomation.register1">
        <test-method is-config="true" signature="start()[pri:0, instance:way2Autiomation.register1@55b0dcab]" started-at="2019-09-19T15:52:54Z" name="start" finished-at="2019-09-19T15:52:58Z" duration-ms="3454" status="PASS">
          <reporter-output>
          </reporter-output>
        </test-method> <!-- start -->
        <test-method signature="autocomplete()[pri:0, instance:way2Autiomation.register1@55b0dcab]" started-at="2019-09-19T15:52:58Z" name="autocomplete" finished-at="2019-09-19T15:52:58Z" duration-ms="239" status="PASS">
          <reporter-output>
          </reporter-output>
        </test-method> <!-- autocomplete -->
        <test-method is-config="true" signature="close()[pri:0, instance:way2Autiomation.register1@55b0dcab]" started-at="2019-09-19T15:52:58Z" name="close" finished-at="2019-09-19T15:52:58Z" duration-ms="140" status="PASS">
          <reporter-output>
          </reporter-output>
        </test-method> <!-- close -->
      </class> <!-- way2Autiomation.register1 -->
    </test> <!-- Default test -->
  </suite> <!-- Default suite -->
</testng-results>
